The system is: Darwin - 13.4.0 - x86_64
Compiling the C compiler identification source file "CMakeCCompilerId.c" succeeded.
Compiler: /Applications/Xcode.app/Contents/Developer/Toolchains/XcodeDefault.xctoolchain/usr/bin/cc 
Build flags: 
Id flags: 

The output was:
0


Compilation of the C compiler identification source "CMakeCCompilerId.c" produced "a.out"

The C compiler identification is AppleClang, found in "/Users/ceezeh/Desktop/Automated Arm/build/CMakeFiles/3.2.3/CompilerIdC/a.out"

Compiling the CXX compiler identification source file "CMakeCXXCompilerId.cpp" succeeded.
Compiler: /Applications/Xcode.app/Contents/Developer/Toolchains/XcodeDefault.xctoolchain/usr/bin/c++ 
Build flags: 
Id flags: 

The output was:
0


Compilation of the CXX compiler identification source "CMakeCXXCompilerId.cpp" produced "a.out"

The CXX compiler identification is AppleClang, found in "/Users/ceezeh/Desktop/Automated Arm/build/CMakeFiles/3.2.3/CompilerIdCXX/a.out"

Determining if the C compiler works passed with the following output:
Change Dir: /Users/ceezeh/Desktop/Automated Arm/build/CMakeFiles/CMakeTmp

Run Build Command:"/opt/local/bin/gmake" "cmTryCompileExec971523147/fast"
/opt/local/bin/gmake -f CMakeFiles/cmTryCompileExec971523147.dir/build.make CMakeFiles/cmTryCompileExec971523147.dir/build
gmake[1]: Entering directory '/Users/ceezeh/Desktop/Automated Arm/build/CMakeFiles/CMakeTmp'
/opt/local/bin/cmake -E cmake_progress_report "/Users/ceezeh/Desktop/Automated Arm/build/CMakeFiles/CMakeTmp/CMakeFiles" 1
Building C object CMakeFiles/cmTryCompileExec971523147.dir/testCCompiler.c.o
/Applications/Xcode.app/Contents/Developer/Toolchains/XcodeDefault.xctoolchain/usr/bin/cc    -o CMakeFiles/cmTryCompileExec971523147.dir/testCCompiler.c.o   -c "/Users/ceezeh/Desktop/Automated Arm/build/CMakeFiles/CMakeTmp/testCCompiler.c"
Linking C executable cmTryCompileExec971523147
/opt/local/bin/cmake -E cmake_link_script CMakeFiles/cmTryCompileExec971523147.dir/link.txt --verbose=1
/Applications/Xcode.app/Contents/Developer/Toolchains/XcodeDefault.xctoolchain/usr/bin/cc    -Wl,-search_paths_first -Wl,-headerpad_max_install_names   CMakeFiles/cmTryCompileExec971523147.dir/testCCompiler.c.o  -o cmTryCompileExec971523147  
gmake[1]: Leaving directory '/Users/ceezeh/Desktop/Automated Arm/build/CMakeFiles/CMakeTmp'


Detecting C compiler ABI info compiled with the following output:
Change Dir: /Users/ceezeh/Desktop/Automated Arm/build/CMakeFiles/CMakeTmp

Run Build Command:"/opt/local/bin/gmake" "cmTryCompileExec3916237957/fast"
/opt/local/bin/gmake -f CMakeFiles/cmTryCompileExec3916237957.dir/build.make CMakeFiles/cmTryCompileExec3916237957.dir/build
gmake[1]: Entering directory '/Users/ceezeh/Desktop/Automated Arm/build/CMakeFiles/CMakeTmp'
/opt/local/bin/cmake -E cmake_progress_report "/Users/ceezeh/Desktop/Automated Arm/build/CMakeFiles/CMakeTmp/CMakeFiles" 1
Building C object CMakeFiles/cmTryCompileExec3916237957.dir/CMakeCCompilerABI.c.o
/Applications/Xcode.app/Contents/Developer/Toolchains/XcodeDefault.xctoolchain/usr/bin/cc    -o CMakeFiles/cmTryCompileExec3916237957.dir/CMakeCCompilerABI.c.o   -c /opt/local/share/cmake-3.2/Modules/CMakeCCompilerABI.c
Linking C executable cmTryCompileExec3916237957
/opt/local/bin/cmake -E cmake_link_script CMakeFiles/cmTryCompileExec3916237957.dir/link.txt --verbose=1
/Applications/Xcode.app/Contents/Developer/Toolchains/XcodeDefault.xctoolchain/usr/bin/cc    -Wl,-search_paths_first -Wl,-headerpad_max_install_names  -v -Wl,-v CMakeFiles/cmTryCompileExec3916237957.dir/CMakeCCompilerABI.c.o  -o cmTryCompileExec3916237957   
Apple LLVM version 6.0 (clang-600.0.57) (based on LLVM 3.5svn)
Target: x86_64-apple-darwin13.4.0
Thread model: posix
 "/Applications/Xcode.app/Contents/Developer/Toolchains/XcodeDefault.xctoolchain/usr/bin/ld" -demangle -dynamic -arch x86_64 -macosx_version_min 10.9.0 -o cmTryCompileExec3916237957 -search_paths_first -headerpad_max_install_names -v CMakeFiles/cmTryCompileExec3916237957.dir/CMakeCCompilerABI.c.o -lSystem /Applications/Xcode.app/Contents/Developer/Toolchains/XcodeDefault.xctoolchain/usr/bin/../lib/clang/6.0/lib/darwin/libclang_rt.osx.a
@(#)PROGRAM:ld  PROJECT:ld64-241.9
configured to support archs: armv6 armv7 armv7s arm64 i386 x86_64 x86_64h armv6m armv7m armv7em
Library search paths:
	/usr/lib
	/usr/local/lib
Framework search paths:
	/Library/Frameworks/
	/System/Library/Frameworks/
gmake[1]: Leaving directory '/Users/ceezeh/Desktop/Automated Arm/build/CMakeFiles/CMakeTmp'


Parsed C implicit link information from above output:
  link line regex: [^( *|.*[/\])(ld|([^/\]+-)?ld|collect2)[^/\]*( |$)]
  ignore line: [Change Dir: /Users/ceezeh/Desktop/Automated Arm/build/CMakeFiles/CMakeTmp]
  ignore line: []
  ignore line: [Run Build Command:"/opt/local/bin/gmake" "cmTryCompileExec3916237957/fast"]
  ignore line: [/opt/local/bin/gmake -f CMakeFiles/cmTryCompileExec3916237957.dir/build.make CMakeFiles/cmTryCompileExec3916237957.dir/build]
  ignore line: [gmake[1]: Entering directory '/Users/ceezeh/Desktop/Automated Arm/build/CMakeFiles/CMakeTmp']
  ignore line: [/opt/local/bin/cmake -E cmake_progress_report "/Users/ceezeh/Desktop/Automated Arm/build/CMakeFiles/CMakeTmp/CMakeFiles" 1]
  ignore line: [Building C object CMakeFiles/cmTryCompileExec3916237957.dir/CMakeCCompilerABI.c.o]
  ignore line: [/Applications/Xcode.app/Contents/Developer/Toolchains/XcodeDefault.xctoolchain/usr/bin/cc    -o CMakeFiles/cmTryCompileExec3916237957.dir/CMakeCCompilerABI.c.o   -c /opt/local/share/cmake-3.2/Modules/CMakeCCompilerABI.c]
  ignore line: [Linking C executable cmTryCompileExec3916237957]
  ignore line: [/opt/local/bin/cmake -E cmake_link_script CMakeFiles/cmTryCompileExec3916237957.dir/link.txt --verbose=1]
  ignore line: [/Applications/Xcode.app/Contents/Developer/Toolchains/XcodeDefault.xctoolchain/usr/bin/cc    -Wl,-search_paths_first -Wl,-headerpad_max_install_names  -v -Wl,-v CMakeFiles/cmTryCompileExec3916237957.dir/CMakeCCompilerABI.c.o  -o cmTryCompileExec3916237957   ]
  ignore line: [Apple LLVM version 6.0 (clang-600.0.57) (based on LLVM 3.5svn)]
  ignore line: [Target: x86_64-apple-darwin13.4.0]
  ignore line: [Thread model: posix]
  link line: [ "/Applications/Xcode.app/Contents/Developer/Toolchains/XcodeDefault.xctoolchain/usr/bin/ld" -demangle -dynamic -arch x86_64 -macosx_version_min 10.9.0 -o cmTryCompileExec3916237957 -search_paths_first -headerpad_max_install_names -v CMakeFiles/cmTryCompileExec3916237957.dir/CMakeCCompilerABI.c.o -lSystem /Applications/Xcode.app/Contents/Developer/Toolchains/XcodeDefault.xctoolchain/usr/bin/../lib/clang/6.0/lib/darwin/libclang_rt.osx.a]
    arg [/Applications/Xcode.app/Contents/Developer/Toolchains/XcodeDefault.xctoolchain/usr/bin/ld] ==> ignore
    arg [-demangle] ==> ignore
    arg [-dynamic] ==> ignore
    arg [-arch] ==> ignore
    arg [x86_64] ==> ignore
    arg [-macosx_version_min] ==> ignore
    arg [10.9.0] ==> ignore
    arg [-o] ==> ignore
    arg [cmTryCompileExec3916237957] ==> ignore
    arg [-search_paths_first] ==> ignore
    arg [-headerpad_max_install_names] ==> ignore
    arg [-v] ==> ignore
    arg [CMakeFiles/cmTryCompileExec3916237957.dir/CMakeCCompilerABI.c.o] ==> ignore
    arg [-lSystem] ==> lib [System]
    arg [/Applications/Xcode.app/Contents/Developer/Toolchains/XcodeDefault.xctoolchain/usr/bin/../lib/clang/6.0/lib/darwin/libclang_rt.osx.a] ==> lib [/Applications/Xcode.app/Contents/Developer/Toolchains/XcodeDefault.xctoolchain/usr/bin/../lib/clang/6.0/lib/darwin/libclang_rt.osx.a]
  Library search paths: [;/usr/lib;/usr/local/lib]
  Framework search paths: [;/Library/Frameworks/;/System/Library/Frameworks/]
  remove lib [System]
  collapse lib [/Applications/Xcode.app/Contents/Developer/Toolchains/XcodeDefault.xctoolchain/usr/bin/../lib/clang/6.0/lib/darwin/libclang_rt.osx.a] ==> [/Applications/Xcode.app/Contents/Developer/Toolchains/XcodeDefault.xctoolchain/usr/lib/clang/6.0/lib/darwin/libclang_rt.osx.a]
  collapse library dir [/usr/lib] ==> [/usr/lib]
  collapse library dir [/usr/local/lib] ==> [/usr/local/lib]
  collapse framework dir [/Library/Frameworks/] ==> [/Library/Frameworks]
  collapse framework dir [/System/Library/Frameworks/] ==> [/System/Library/Frameworks]
  implicit libs: [/Applications/Xcode.app/Contents/Developer/Toolchains/XcodeDefault.xctoolchain/usr/lib/clang/6.0/lib/darwin/libclang_rt.osx.a]
  implicit dirs: [/usr/lib;/usr/local/lib]
  implicit fwks: [/Library/Frameworks;/System/Library/Frameworks]




Detecting C [-std=c11] compiler features compiled with the following output:
Change Dir: /Users/ceezeh/Desktop/Automated Arm/build/CMakeFiles/CMakeTmp

Run Build Command:"/opt/local/bin/gmake" "cmTryCompileExec1484231810/fast"
/opt/local/bin/gmake -f CMakeFiles/cmTryCompileExec1484231810.dir/build.make CMakeFiles/cmTryCompileExec1484231810.dir/build
gmake[1]: Entering directory '/Users/ceezeh/Desktop/Automated Arm/build/CMakeFiles/CMakeTmp'
/opt/local/bin/cmake -E cmake_progress_report "/Users/ceezeh/Desktop/Automated Arm/build/CMakeFiles/CMakeTmp/CMakeFiles" 1
Building C object CMakeFiles/cmTryCompileExec1484231810.dir/feature_tests.c.o
/Applications/Xcode.app/Contents/Developer/Toolchains/XcodeDefault.xctoolchain/usr/bin/cc   -std=c11 -o CMakeFiles/cmTryCompileExec1484231810.dir/feature_tests.c.o   -c "/Users/ceezeh/Desktop/Automated Arm/build/CMakeFiles/feature_tests.c"
Linking C executable cmTryCompileExec1484231810
/opt/local/bin/cmake -E cmake_link_script CMakeFiles/cmTryCompileExec1484231810.dir/link.txt --verbose=1
/Applications/Xcode.app/Contents/Developer/Toolchains/XcodeDefault.xctoolchain/usr/bin/cc    -Wl,-search_paths_first -Wl,-headerpad_max_install_names   CMakeFiles/cmTryCompileExec1484231810.dir/feature_tests.c.o  -o cmTryCompileExec1484231810  
gmake[1]: Leaving directory '/Users/ceezeh/Desktop/Automated Arm/build/CMakeFiles/CMakeTmp'


    Feature record: C_FEATURE:1c_function_prototypes
    Feature record: C_FEATURE:1c_restrict
    Feature record: C_FEATURE:1c_static_assert
    Feature record: C_FEATURE:1c_variadic_macros


Detecting C [-std=c99] compiler features compiled with the following output:
Change Dir: /Users/ceezeh/Desktop/Automated Arm/build/CMakeFiles/CMakeTmp

Run Build Command:"/opt/local/bin/gmake" "cmTryCompileExec1772728156/fast"
/opt/local/bin/gmake -f CMakeFiles/cmTryCompileExec1772728156.dir/build.make CMakeFiles/cmTryCompileExec1772728156.dir/build
gmake[1]: Entering directory '/Users/ceezeh/Desktop/Automated Arm/build/CMakeFiles/CMakeTmp'
/opt/local/bin/cmake -E cmake_progress_report "/Users/ceezeh/Desktop/Automated Arm/build/CMakeFiles/CMakeTmp/CMakeFiles" 1
Building C object CMakeFiles/cmTryCompileExec1772728156.dir/feature_tests.c.o
/Applications/Xcode.app/Contents/Developer/Toolchains/XcodeDefault.xctoolchain/usr/bin/cc   -std=c99 -o CMakeFiles/cmTryCompileExec1772728156.dir/feature_tests.c.o   -c "/Users/ceezeh/Desktop/Automated Arm/build/CMakeFiles/feature_tests.c"
Linking C executable cmTryCompileExec1772728156
/opt/local/bin/cmake -E cmake_link_script CMakeFiles/cmTryCompileExec1772728156.dir/link.txt --verbose=1
/Applications/Xcode.app/Contents/Developer/Toolchains/XcodeDefault.xctoolchain/usr/bin/cc    -Wl,-search_paths_first -Wl,-headerpad_max_install_names   CMakeFiles/cmTryCompileExec1772728156.dir/feature_tests.c.o  -o cmTryCompileExec1772728156  
gmake[1]: Leaving directory '/Users/ceezeh/Desktop/Automated Arm/build/CMakeFiles/CMakeTmp'


    Feature record: C_FEATURE:1c_function_prototypes
    Feature record: C_FEATURE:1c_restrict
    Feature record: C_FEATURE:0c_static_assert
    Feature record: C_FEATURE:1c_variadic_macros


Detecting C [-std=c90] compiler features compiled with the following output:
Change Dir: /Users/ceezeh/Desktop/Automated Arm/build/CMakeFiles/CMakeTmp

Run Build Command:"/opt/local/bin/gmake" "cmTryCompileExec1064060211/fast"
/opt/local/bin/gmake -f CMakeFiles/cmTryCompileExec1064060211.dir/build.make CMakeFiles/cmTryCompileExec1064060211.dir/build
gmake[1]: Entering directory '/Users/ceezeh/Desktop/Automated Arm/build/CMakeFiles/CMakeTmp'
/opt/local/bin/cmake -E cmake_progress_report "/Users/ceezeh/Desktop/Automated Arm/build/CMakeFiles/CMakeTmp/CMakeFiles" 1
Building C object CMakeFiles/cmTryCompileExec1064060211.dir/feature_tests.c.o
/Applications/Xcode.app/Contents/Developer/Toolchains/XcodeDefault.xctoolchain/usr/bin/cc   -std=c90 -o CMakeFiles/cmTryCompileExec1064060211.dir/feature_tests.c.o   -c "/Users/ceezeh/Desktop/Automated Arm/build/CMakeFiles/feature_tests.c"
Linking C executable cmTryCompileExec1064060211
/opt/local/bin/cmake -E cmake_link_script CMakeFiles/cmTryCompileExec1064060211.dir/link.txt --verbose=1
/Applications/Xcode.app/Contents/Developer/Toolchains/XcodeDefault.xctoolchain/usr/bin/cc    -Wl,-search_paths_first -Wl,-headerpad_max_install_names   CMakeFiles/cmTryCompileExec1064060211.dir/feature_tests.c.o  -o cmTryCompileExec1064060211  
gmake[1]: Leaving directory '/Users/ceezeh/Desktop/Automated Arm/build/CMakeFiles/CMakeTmp'


    Feature record: C_FEATURE:1c_function_prototypes
    Feature record: C_FEATURE:0c_restrict
    Feature record: C_FEATURE:0c_static_assert
    Feature record: C_FEATURE:0c_variadic_macros
Determining if the CXX compiler works passed with the following output:
Change Dir: /Users/ceezeh/Desktop/Automated Arm/build/CMakeFiles/CMakeTmp

Run Build Command:"/opt/local/bin/gmake" "cmTryCompileExec3003712376/fast"
/opt/local/bin/gmake -f CMakeFiles/cmTryCompileExec3003712376.dir/build.make CMakeFiles/cmTryCompileExec3003712376.dir/build
gmake[1]: Entering directory '/Users/ceezeh/Desktop/Automated Arm/build/CMakeFiles/CMakeTmp'
/opt/local/bin/cmake -E cmake_progress_report "/Users/ceezeh/Desktop/Automated Arm/build/CMakeFiles/CMakeTmp/CMakeFiles" 1
Building CXX object CMakeFiles/cmTryCompileExec3003712376.dir/testCXXCompiler.cxx.o
/Applications/Xcode.app/Contents/Developer/Toolchains/XcodeDefault.xctoolchain/usr/bin/c++     -o CMakeFiles/cmTryCompileExec3003712376.dir/testCXXCompiler.cxx.o -c "/Users/ceezeh/Desktop/Automated Arm/build/CMakeFiles/CMakeTmp/testCXXCompiler.cxx"
Linking CXX executable cmTryCompileExec3003712376
/opt/local/bin/cmake -E cmake_link_script CMakeFiles/cmTryCompileExec3003712376.dir/link.txt --verbose=1
/Applications/Xcode.app/Contents/Developer/Toolchains/XcodeDefault.xctoolchain/usr/bin/c++     -Wl,-search_paths_first -Wl,-headerpad_max_install_names   CMakeFiles/cmTryCompileExec3003712376.dir/testCXXCompiler.cxx.o  -o cmTryCompileExec3003712376  
gmake[1]: Leaving directory '/Users/ceezeh/Desktop/Automated Arm/build/CMakeFiles/CMakeTmp'


Detecting CXX compiler ABI info compiled with the following output:
Change Dir: /Users/ceezeh/Desktop/Automated Arm/build/CMakeFiles/CMakeTmp

Run Build Command:"/opt/local/bin/gmake" "cmTryCompileExec3039967679/fast"
/opt/local/bin/gmake -f CMakeFiles/cmTryCompileExec3039967679.dir/build.make CMakeFiles/cmTryCompileExec3039967679.dir/build
gmake[1]: Entering directory '/Users/ceezeh/Desktop/Automated Arm/build/CMakeFiles/CMakeTmp'
/opt/local/bin/cmake -E cmake_progress_report "/Users/ceezeh/Desktop/Automated Arm/build/CMakeFiles/CMakeTmp/CMakeFiles" 1
Building CXX object CMakeFiles/cmTryCompileExec3039967679.dir/CMakeCXXCompilerABI.cpp.o
/Applications/Xcode.app/Contents/Developer/Toolchains/XcodeDefault.xctoolchain/usr/bin/c++     -o CMakeFiles/cmTryCompileExec3039967679.dir/CMakeCXXCompilerABI.cpp.o -c /opt/local/share/cmake-3.2/Modules/CMakeCXXCompilerABI.cpp
Linking CXX executable cmTryCompileExec3039967679
/opt/local/bin/cmake -E cmake_link_script CMakeFiles/cmTryCompileExec3039967679.dir/link.txt --verbose=1
/Applications/Xcode.app/Contents/Developer/Toolchains/XcodeDefault.xctoolchain/usr/bin/c++     -Wl,-search_paths_first -Wl,-headerpad_max_install_names  -v -Wl,-v CMakeFiles/cmTryCompileExec3039967679.dir/CMakeCXXCompilerABI.cpp.o  -o cmTryCompileExec3039967679   
Apple LLVM version 6.0 (clang-600.0.57) (based on LLVM 3.5svn)
Target: x86_64-apple-darwin13.4.0
Thread model: posix
 "/Applications/Xcode.app/Contents/Developer/Toolchains/XcodeDefault.xctoolchain/usr/bin/ld" -demangle -dynamic -arch x86_64 -macosx_version_min 10.9.0 -o cmTryCompileExec3039967679 -search_paths_first -headerpad_max_install_names -v CMakeFiles/cmTryCompileExec3039967679.dir/CMakeCXXCompilerABI.cpp.o -lc++ -lSystem /Applications/Xcode.app/Contents/Developer/Toolchains/XcodeDefault.xctoolchain/usr/bin/../lib/clang/6.0/lib/darwin/libclang_rt.osx.a
@(#)PROGRAM:ld  PROJECT:ld64-241.9
configured to support archs: armv6 armv7 armv7s arm64 i386 x86_64 x86_64h armv6m armv7m armv7em
Library search paths:
	/usr/lib
	/usr/local/lib
Framework search paths:
	/Library/Frameworks/
	/System/Library/Frameworks/
gmake[1]: Leaving directory '/Users/ceezeh/Desktop/Automated Arm/build/CMakeFiles/CMakeTmp'


Parsed CXX implicit link information from above output:
  link line regex: [^( *|.*[/\])(ld|([^/\]+-)?ld|collect2)[^/\]*( |$)]
  ignore line: [Change Dir: /Users/ceezeh/Desktop/Automated Arm/build/CMakeFiles/CMakeTmp]
  ignore line: []
  ignore line: [Run Build Command:"/opt/local/bin/gmake" "cmTryCompileExec3039967679/fast"]
  ignore line: [/opt/local/bin/gmake -f CMakeFiles/cmTryCompileExec3039967679.dir/build.make CMakeFiles/cmTryCompileExec3039967679.dir/build]
  ignore line: [gmake[1]: Entering directory '/Users/ceezeh/Desktop/Automated Arm/build/CMakeFiles/CMakeTmp']
  ignore line: [/opt/local/bin/cmake -E cmake_progress_report "/Users/ceezeh/Desktop/Automated Arm/build/CMakeFiles/CMakeTmp/CMakeFiles" 1]
  ignore line: [Building CXX object CMakeFiles/cmTryCompileExec3039967679.dir/CMakeCXXCompilerABI.cpp.o]
  ignore line: [/Applications/Xcode.app/Contents/Developer/Toolchains/XcodeDefault.xctoolchain/usr/bin/c++     -o CMakeFiles/cmTryCompileExec3039967679.dir/CMakeCXXCompilerABI.cpp.o -c /opt/local/share/cmake-3.2/Modules/CMakeCXXCompilerABI.cpp]
  ignore line: [Linking CXX executable cmTryCompileExec3039967679]
  ignore line: [/opt/local/bin/cmake -E cmake_link_script CMakeFiles/cmTryCompileExec3039967679.dir/link.txt --verbose=1]
  ignore line: [/Applications/Xcode.app/Contents/Developer/Toolchains/XcodeDefault.xctoolchain/usr/bin/c++     -Wl,-search_paths_first -Wl,-headerpad_max_install_names  -v -Wl,-v CMakeFiles/cmTryCompileExec3039967679.dir/CMakeCXXCompilerABI.cpp.o  -o cmTryCompileExec3039967679   ]
  ignore line: [Apple LLVM version 6.0 (clang-600.0.57) (based on LLVM 3.5svn)]
  ignore line: [Target: x86_64-apple-darwin13.4.0]
  ignore line: [Thread model: posix]
  link line: [ "/Applications/Xcode.app/Contents/Developer/Toolchains/XcodeDefault.xctoolchain/usr/bin/ld" -demangle -dynamic -arch x86_64 -macosx_version_min 10.9.0 -o cmTryCompileExec3039967679 -search_paths_first -headerpad_max_install_names -v CMakeFiles/cmTryCompileExec3039967679.dir/CMakeCXXCompilerABI.cpp.o -lc++ -lSystem /Applications/Xcode.app/Contents/Developer/Toolchains/XcodeDefault.xctoolchain/usr/bin/../lib/clang/6.0/lib/darwin/libclang_rt.osx.a]
    arg [/Applications/Xcode.app/Contents/Developer/Toolchains/XcodeDefault.xctoolchain/usr/bin/ld] ==> ignore
    arg [-demangle] ==> ignore
    arg [-dynamic] ==> ignore
    arg [-arch] ==> ignore
    arg [x86_64] ==> ignore
    arg [-macosx_version_min] ==> ignore
    arg [10.9.0] ==> ignore
    arg [-o] ==> ignore
    arg [cmTryCompileExec3039967679] ==> ignore
    arg [-search_paths_first] ==> ignore
    arg [-headerpad_max_install_names] ==> ignore
    arg [-v] ==> ignore
    arg [CMakeFiles/cmTryCompileExec3039967679.dir/CMakeCXXCompilerABI.cpp.o] ==> ignore
    arg [-lc++] ==> lib [c++]
    arg [-lSystem] ==> lib [System]
    arg [/Applications/Xcode.app/Contents/Developer/Toolchains/XcodeDefault.xctoolchain/usr/bin/../lib/clang/6.0/lib/darwin/libclang_rt.osx.a] ==> lib [/Applications/Xcode.app/Contents/Developer/Toolchains/XcodeDefault.xctoolchain/usr/bin/../lib/clang/6.0/lib/darwin/libclang_rt.osx.a]
  Library search paths: [;/usr/lib;/usr/local/lib]
  Framework search paths: [;/Library/Frameworks/;/System/Library/Frameworks/]
  remove lib [System]
  collapse lib [/Applications/Xcode.app/Contents/Developer/Toolchains/XcodeDefault.xctoolchain/usr/bin/../lib/clang/6.0/lib/darwin/libclang_rt.osx.a] ==> [/Applications/Xcode.app/Contents/Developer/Toolchains/XcodeDefault.xctoolchain/usr/lib/clang/6.0/lib/darwin/libclang_rt.osx.a]
  collapse library dir [/usr/lib] ==> [/usr/lib]
  collapse library dir [/usr/local/lib] ==> [/usr/local/lib]
  collapse framework dir [/Library/Frameworks/] ==> [/Library/Frameworks]
  collapse framework dir [/System/Library/Frameworks/] ==> [/System/Library/Frameworks]
  implicit libs: [c++;/Applications/Xcode.app/Contents/Developer/Toolchains/XcodeDefault.xctoolchain/usr/lib/clang/6.0/lib/darwin/libclang_rt.osx.a]
  implicit dirs: [/usr/lib;/usr/local/lib]
  implicit fwks: [/Library/Frameworks;/System/Library/Frameworks]




Detecting CXX [-std=c++1y] compiler features compiled with the following output:
Change Dir: /Users/ceezeh/Desktop/Automated Arm/build/CMakeFiles/CMakeTmp

Run Build Command:"/opt/local/bin/gmake" "cmTryCompileExec2061287140/fast"
/opt/local/bin/gmake -f CMakeFiles/cmTryCompileExec2061287140.dir/build.make CMakeFiles/cmTryCompileExec2061287140.dir/build
gmake[1]: Entering directory '/Users/ceezeh/Desktop/Automated Arm/build/CMakeFiles/CMakeTmp'
/opt/local/bin/cmake -E cmake_progress_report "/Users/ceezeh/Desktop/Automated Arm/build/CMakeFiles/CMakeTmp/CMakeFiles" 1
Building CXX object CMakeFiles/cmTryCompileExec2061287140.dir/feature_tests.cxx.o
/Applications/Xcode.app/Contents/Developer/Toolchains/XcodeDefault.xctoolchain/usr/bin/c++    -std=c++1y -o CMakeFiles/cmTryCompileExec2061287140.dir/feature_tests.cxx.o -c "/Users/ceezeh/Desktop/Automated Arm/build/CMakeFiles/feature_tests.cxx"
Linking CXX executable cmTryCompileExec2061287140
/opt/local/bin/cmake -E cmake_link_script CMakeFiles/cmTryCompileExec2061287140.dir/link.txt --verbose=1
/Applications/Xcode.app/Contents/Developer/Toolchains/XcodeDefault.xctoolchain/usr/bin/c++     -Wl,-search_paths_first -Wl,-headerpad_max_install_names   CMakeFiles/cmTryCompileExec2061287140.dir/feature_tests.cxx.o  -o cmTryCompileExec2061287140  
gmake[1]: Leaving directory '/Users/ceezeh/Desktop/Automated Arm/build/CMakeFiles/CMakeTmp'


    Feature record: CXX_FEATURE:1cxx_aggregate_default_initializers
    Feature record: CXX_FEATURE:1cxx_alias_templates
    Feature record: CXX_FEATURE:1cxx_alignas
    Feature record: CXX_FEATURE:1cxx_alignof
    Feature record: CXX_FEATURE:1cxx_attributes
    Feature record: CXX_FEATURE:1cxx_attribute_deprecated
    Feature record: CXX_FEATURE:1cxx_auto_type
    Feature record: CXX_FEATURE:1cxx_binary_literals
    Feature record: CXX_FEATURE:1cxx_constexpr
    Feature record: CXX_FEATURE:1cxx_contextual_conversions
    Feature record: CXX_FEATURE:1cxx_decltype
    Feature record: CXX_FEATURE:1cxx_decltype_auto
    Feature record: CXX_FEATURE:1cxx_decltype_incomplete_return_types
    Feature record: CXX_FEATURE:1cxx_default_function_template_args
    Feature record: CXX_FEATURE:1cxx_defaulted_functions
    Feature record: CXX_FEATURE:1cxx_defaulted_move_initializers
    Feature record: CXX_FEATURE:1cxx_delegating_constructors
    Feature record: CXX_FEATURE:1cxx_deleted_functions
    Feature record: CXX_FEATURE:1cxx_digit_separators
    Feature record: CXX_FEATURE:1cxx_enum_forward_declarations
    Feature record: CXX_FEATURE:1cxx_explicit_conversions
    Feature record: CXX_FEATURE:1cxx_extended_friend_declarations
    Feature record: CXX_FEATURE:1cxx_extern_templates
    Feature record: CXX_FEATURE:1cxx_final
    Feature record: CXX_FEATURE:1cxx_func_identifier
    Feature record: CXX_FEATURE:1cxx_generalized_initializers
    Feature record: CXX_FEATURE:1cxx_generic_lambdas
    Feature record: CXX_FEATURE:1cxx_inheriting_constructors
    Feature record: CXX_FEATURE:1cxx_inline_namespaces
    Feature record: CXX_FEATURE:1cxx_lambdas
    Feature record: CXX_FEATURE:1cxx_lambda_init_captures
    Feature record: CXX_FEATURE:1cxx_local_type_template_args
    Feature record: CXX_FEATURE:1cxx_long_long_type
    Feature record: CXX_FEATURE:1cxx_noexcept
    Feature record: CXX_FEATURE:1cxx_nonstatic_member_init
    Feature record: CXX_FEATURE:1cxx_nullptr
    Feature record: CXX_FEATURE:1cxx_override
    Feature record: CXX_FEATURE:1cxx_range_for
    Feature record: CXX_FEATURE:1cxx_raw_string_literals
    Feature record: CXX_FEATURE:1cxx_reference_qualified_functions
    Feature record: CXX_FEATURE:1cxx_relaxed_constexpr
    Feature record: CXX_FEATURE:1cxx_return_type_deduction
    Feature record: CXX_FEATURE:1cxx_right_angle_brackets
    Feature record: CXX_FEATURE:1cxx_rvalue_references
    Feature record: CXX_FEATURE:1cxx_sizeof_member
    Feature record: CXX_FEATURE:1cxx_static_assert
    Feature record: CXX_FEATURE:1cxx_strong_enums
    Feature record: CXX_FEATURE:1cxx_template_template_parameters
    Feature record: CXX_FEATURE:0cxx_thread_local
    Feature record: CXX_FEATURE:1cxx_trailing_return_types
    Feature record: CXX_FEATURE:1cxx_unicode_literals
    Feature record: CXX_FEATURE:1cxx_uniform_initialization
    Feature record: CXX_FEATURE:1cxx_unrestricted_unions
    Feature record: CXX_FEATURE:1cxx_user_literals
    Feature record: CXX_FEATURE:1cxx_variable_templates
    Feature record: CXX_FEATURE:1cxx_variadic_macros
    Feature record: CXX_FEATURE:1cxx_variadic_templates


Detecting CXX [-std=c++11] compiler features compiled with the following output:
Change Dir: /Users/ceezeh/Desktop/Automated Arm/build/CMakeFiles/CMakeTmp

Run Build Command:"/opt/local/bin/gmake" "cmTryCompileExec2047653248/fast"
/opt/local/bin/gmake -f CMakeFiles/cmTryCompileExec2047653248.dir/build.make CMakeFiles/cmTryCompileExec2047653248.dir/build
gmake[1]: Entering directory '/Users/ceezeh/Desktop/Automated Arm/build/CMakeFiles/CMakeTmp'
/opt/local/bin/cmake -E cmake_progress_report "/Users/ceezeh/Desktop/Automated Arm/build/CMakeFiles/CMakeTmp/CMakeFiles" 1
Building CXX object CMakeFiles/cmTryCompileExec2047653248.dir/feature_tests.cxx.o
/Applications/Xcode.app/Contents/Developer/Toolchains/XcodeDefault.xctoolchain/usr/bin/c++    -std=c++11 -o CMakeFiles/cmTryCompileExec2047653248.dir/feature_tests.cxx.o -c "/Users/ceezeh/Desktop/Automated Arm/build/CMakeFiles/feature_tests.cxx"
Linking CXX executable cmTryCompileExec2047653248
/opt/local/bin/cmake -E cmake_link_script CMakeFiles/cmTryCompileExec2047653248.dir/link.txt --verbose=1
/Applications/Xcode.app/Contents/Developer/Toolchains/XcodeDefault.xctoolchain/usr/bin/c++     -Wl,-search_paths_first -Wl,-headerpad_max_install_names   CMakeFiles/cmTryCompileExec2047653248.dir/feature_tests.cxx.o  -o cmTryCompileExec2047653248  
gmake[1]: Leaving directory '/Users/ceezeh/Desktop/Automated Arm/build/CMakeFiles/CMakeTmp'


    Feature record: CXX_FEATURE:0cxx_aggregate_default_initializers
    Feature record: CXX_FEATURE:1cxx_alias_templates
    Feature record: CXX_FEATURE:1cxx_alignas
    Feature record: CXX_FEATURE:1cxx_alignof
    Feature record: CXX_FEATURE:1cxx_attributes
    Feature record: CXX_FEATURE:0cxx_attribute_deprecated
    Feature record: CXX_FEATURE:1cxx_auto_type
    Feature record: CXX_FEATURE:0cxx_binary_literals
    Feature record: CXX_FEATURE:1cxx_constexpr
    Feature record: CXX_FEATURE:0cxx_contextual_conversions
    Feature record: CXX_FEATURE:1cxx_decltype
    Feature record: CXX_FEATURE:0cxx_decltype_auto
    Feature record: CXX_FEATURE:1cxx_decltype_incomplete_return_types
    Feature record: CXX_FEATURE:1cxx_default_function_template_args
    Feature record: CXX_FEATURE:1cxx_defaulted_functions
    Feature record: CXX_FEATURE:1cxx_defaulted_move_initializers
    Feature record: CXX_FEATURE:1cxx_delegating_constructors
    Feature record: CXX_FEATURE:1cxx_deleted_functions
    Feature record: CXX_FEATURE:0cxx_digit_separators
    Feature record: CXX_FEATURE:1cxx_enum_forward_declarations
    Feature record: CXX_FEATURE:1cxx_explicit_conversions
    Feature record: CXX_FEATURE:1cxx_extended_friend_declarations
    Feature record: CXX_FEATURE:1cxx_extern_templates
    Feature record: CXX_FEATURE:1cxx_final
    Feature record: CXX_FEATURE:1cxx_func_identifier
    Feature record: CXX_FEATURE:1cxx_generalized_initializers
    Feature record: CXX_FEATURE:0cxx_generic_lambdas
    Feature record: CXX_FEATURE:1cxx_inheriting_constructors
    Feature record: CXX_FEATURE:1cxx_inline_namespaces
    Feature record: CXX_FEATURE:1cxx_lambdas
    Feature record: CXX_FEATURE:0cxx_lambda_init_captures
    Feature record: CXX_FEATURE:1cxx_local_type_template_args
    Feature record: CXX_FEATURE:1cxx_long_long_type
    Feature record: CXX_FEATURE:1cxx_noexcept
    Feature record: CXX_FEATURE:1cxx_nonstatic_member_init
    Feature record: CXX_FEATURE:1cxx_nullptr
    Feature record: CXX_FEATURE:1cxx_override
    Feature record: CXX_FEATURE:1cxx_range_for
    Feature record: CXX_FEATURE:1cxx_raw_string_literals
    Feature record: CXX_FEATURE:1cxx_reference_qualified_functions
    Feature record: CXX_FEATURE:0cxx_relaxed_constexpr
    Feature record: CXX_FEATURE:0cxx_return_type_deduction
    Feature record: CXX_FEATURE:1cxx_right_angle_brackets
    Feature record: CXX_FEATURE:1cxx_rvalue_references
    Feature record: CXX_FEATURE:1cxx_sizeof_member
    Feature record: CXX_FEATURE:1cxx_static_assert
    Feature record: CXX_FEATURE:1cxx_strong_enums
    Feature record: CXX_FEATURE:1cxx_template_template_parameters
    Feature record: CXX_FEATURE:0cxx_thread_local
    Feature record: CXX_FEATURE:1cxx_trailing_return_types
    Feature record: CXX_FEATURE:1cxx_unicode_literals
    Feature record: CXX_FEATURE:1cxx_uniform_initialization
    Feature record: CXX_FEATURE:1cxx_unrestricted_unions
    Feature record: CXX_FEATURE:1cxx_user_literals
    Feature record: CXX_FEATURE:0cxx_variable_templates
    Feature record: CXX_FEATURE:1cxx_variadic_macros
    Feature record: CXX_FEATURE:1cxx_variadic_templates


Detecting CXX [-std=c++98] compiler features compiled with the following output:
Change Dir: /Users/ceezeh/Desktop/Automated Arm/build/CMakeFiles/CMakeTmp

Run Build Command:"/opt/local/bin/gmake" "cmTryCompileExec2482285301/fast"
/opt/local/bin/gmake -f CMakeFiles/cmTryCompileExec2482285301.dir/build.make CMakeFiles/cmTryCompileExec2482285301.dir/build
gmake[1]: Entering directory '/Users/ceezeh/Desktop/Automated Arm/build/CMakeFiles/CMakeTmp'
/opt/local/bin/cmake -E cmake_progress_report "/Users/ceezeh/Desktop/Automated Arm/build/CMakeFiles/CMakeTmp/CMakeFiles" 1
Building CXX object CMakeFiles/cmTryCompileExec2482285301.dir/feature_tests.cxx.o
/Applications/Xcode.app/Contents/Developer/Toolchains/XcodeDefault.xctoolchain/usr/bin/c++    -std=c++98 -o CMakeFiles/cmTryCompileExec2482285301.dir/feature_tests.cxx.o -c "/Users/ceezeh/Desktop/Automated Arm/build/CMakeFiles/feature_tests.cxx"
Linking CXX executable cmTryCompileExec2482285301
/opt/local/bin/cmake -E cmake_link_script CMakeFiles/cmTryCompileExec2482285301.dir/link.txt --verbose=1
/Applications/Xcode.app/Contents/Developer/Toolchains/XcodeDefault.xctoolchain/usr/bin/c++     -Wl,-search_paths_first -Wl,-headerpad_max_install_names   CMakeFiles/cmTryCompileExec2482285301.dir/feature_tests.cxx.o  -o cmTryCompileExec2482285301  
gmake[1]: Leaving directory '/Users/ceezeh/Desktop/Automated Arm/build/CMakeFiles/CMakeTmp'


    Feature record: CXX_FEATURE:0cxx_aggregate_default_initializers
    Feature record: CXX_FEATURE:0cxx_alias_templates
    Feature record: CXX_FEATURE:0cxx_alignas
    Feature record: CXX_FEATURE:0cxx_alignof
    Feature record: CXX_FEATURE:0cxx_attributes
    Feature record: CXX_FEATURE:0cxx_attribute_deprecated
    Feature record: CXX_FEATURE:0cxx_auto_type
    Feature record: CXX_FEATURE:0cxx_binary_literals
    Feature record: CXX_FEATURE:0cxx_constexpr
    Feature record: CXX_FEATURE:0cxx_contextual_conversions
    Feature record: CXX_FEATURE:0cxx_decltype
    Feature record: CXX_FEATURE:0cxx_decltype_auto
    Feature record: CXX_FEATURE:0cxx_decltype_incomplete_return_types
    Feature record: CXX_FEATURE:0cxx_default_function_template_args
    Feature record: CXX_FEATURE:0cxx_defaulted_functions
    Feature record: CXX_FEATURE:0cxx_defaulted_move_initializers
    Feature record: CXX_FEATURE:0cxx_delegating_constructors
    Feature record: CXX_FEATURE:0cxx_deleted_functions
    Feature record: CXX_FEATURE:0cxx_digit_separators
    Feature record: CXX_FEATURE:0cxx_enum_forward_declarations
    Feature record: CXX_FEATURE:0cxx_explicit_conversions
    Feature record: CXX_FEATURE:0cxx_extended_friend_declarations
    Feature record: CXX_FEATURE:0cxx_extern_templates
    Feature record: CXX_FEATURE:0cxx_final
    Feature record: CXX_FEATURE:0cxx_func_identifier
    Feature record: CXX_FEATURE:0cxx_generalized_initializers
    Feature record: CXX_FEATURE:0cxx_generic_lambdas
    Feature record: CXX_FEATURE:0cxx_inheriting_constructors
    Feature record: CXX_FEATURE:0cxx_inline_namespaces
    Feature record: CXX_FEATURE:0cxx_lambdas
    Feature record: CXX_FEATURE:0cxx_lambda_init_captures
    Feature record: CXX_FEATURE:0cxx_local_type_template_args
    Feature record: CXX_FEATURE:0cxx_long_long_type
    Feature record: CXX_FEATURE:0cxx_noexcept
    Feature record: CXX_FEATURE:0cxx_nonstatic_member_init
    Feature record: CXX_FEATURE:0cxx_nullptr
    Feature record: CXX_FEATURE:0cxx_override
    Feature record: CXX_FEATURE:0cxx_range_for
    Feature record: CXX_FEATURE:0cxx_raw_string_literals
    Feature record: CXX_FEATURE:0cxx_reference_qualified_functions
    Feature record: CXX_FEATURE:0cxx_relaxed_constexpr
    Feature record: CXX_FEATURE:0cxx_return_type_deduction
    Feature record: CXX_FEATURE:0cxx_right_angle_brackets
    Feature record: CXX_FEATURE:0cxx_rvalue_references
    Feature record: CXX_FEATURE:0cxx_sizeof_member
    Feature record: CXX_FEATURE:0cxx_static_assert
    Feature record: CXX_FEATURE:0cxx_strong_enums
    Feature record: CXX_FEATURE:1cxx_template_template_parameters
    Feature record: CXX_FEATURE:0cxx_thread_local
    Feature record: CXX_FEATURE:0cxx_trailing_return_types
    Feature record: CXX_FEATURE:0cxx_unicode_literals
    Feature record: CXX_FEATURE:0cxx_uniform_initialization
    Feature record: CXX_FEATURE:0cxx_unrestricted_unions
    Feature record: CXX_FEATURE:0cxx_user_literals
    Feature record: CXX_FEATURE:0cxx_variable_templates
    Feature record: CXX_FEATURE:0cxx_variadic_macros
    Feature record: CXX_FEATURE:0cxx_variadic_templates
